<?xml version="1.0" encoding="UTF-8"?>
<testng-results ignored="0" total="1" passed="1" failed="0" skipped="0">
  <reporter-output>
  </reporter-output>
  <suite started-at="2023-05-28T13:09:13 IST" name="Default suite" finished-at="2023-05-28T13:09:14 IST" duration-ms="903">
    <groups>
    </groups>
    <test started-at="2023-05-28T13:09:13 IST" name="Default test" finished-at="2023-05-28T13:09:14 IST" duration-ms="903">
      <class name="session_31.DemoSchemaValidation2">
        <test-method signature="testMethod()[pri:0, instance:session_31.DemoSchemaValidation2@5f058f00]" started-at="2023-05-28T13:09:13 IST" name="testMethod" finished-at="2023-05-28T13:09:14 IST" duration-ms="835" status="PASS">
          <reporter-output>
          </reporter-output>
        </test-method> <!-- testMethod -->
      </class> <!-- session_31.DemoSchemaValidation2 -->
    </test> <!-- Default test -->
  </suite> <!-- Default suite -->
</testng-results>
